<?xml version="1.0" encoding="UTF-8"?>
<!-- Generated by org.testng.reporters.JUnitReportReporter -->
<testsuite hostname="Raneem-Badran" failures="0" tests="3" name="myTestCases" time="1.903" errors="0" timestamp="2024-12-04T23:27:58 GMT+03:00" skipped="0">
  <testcase classname="myTestCases" name="Log_in" time="0.415"/>
  <system-out/>
  <testcase classname="myTestCases" name="VarifyThatTHewordProductsIsThere" time="0.045"/>
  <system-out/>
  <testcase classname="myTestCases" name="SortingItems" time="1.443"/>
  <system-out/>
</testsuite> <!-- myTestCases -->
